# JRE version: OpenJDK Runtime Environment (8.0_152-b02) (build 1.8.0_152-release-1024-b02)
# Java VM: OpenJDK 64-Bit Server VM (25.152-b02 mixed mode windows-amd64 compressed oops)
Heap:
 PSYoungGen      total 295936K, used 261761K [0x00000000eab00000, 0x00000000ff980000, 0x0000000100000000)
  eden space 256512K, 96% used [0x00000000eab00000,0x00000000f9c098d0,0x00000000fa580000)
  from space 39424K, 37% used [0x00000000fd300000,0x00000000fe196e98,0x00000000ff980000)
  to   space 43008K, 0% used [0x00000000fa580000,0x00000000fa580000,0x00000000fcf80000)
 ParOldGen       total 221696K, used 93798K [0x00000000c0000000, 0x00000000cd880000, 0x00000000eab00000)
  object space 221696K, 42% used [0x00000000c0000000,0x00000000c5b99820,0x00000000cd880000)
 Metaspace       used 112471K, capacity 118344K, committed 118488K, reserved 1150976K
  class space    used 14648K, capacity 16043K, committed 16128K, reserved 1048576K
GC Heap History (10 events):
Event: 516.368 GC heap before
{Heap before GC invocations=16 (full 3):
 PSYoungGen      total 280576K, used 64642K [0x00000000eab00000, 0x0000000100000000, 0x0000000100000000)
  eden space 249856K, 13% used [0x00000000eab00000,0x00000000ecc27870,0x00000000f9f00000)
  from space 30720K, 99% used [0x00000000fe200000,0x00000000ffff90c8,0x0000000100000000)
  to   space 49664K, 0% used [0x00000000f9f00000,0x00000000f9f00000,0x00000000fcf80000)
 ParOldGen       total 148480K, used 71295K [0x00000000c0000000, 0x00000000c9100000, 0x00000000eab00000)
  object space 148480K, 48% used [0x00000000c0000000,0x00000000c459fee0,0x00000000c9100000)
 Metaspace       used 93424K, capacity 98224K, committed 98380K, reserved 1134592K
  class space    used 12446K, capacity 13708K, committed 13824K, reserved 1048576K
Event: 516.387 GC heap after
Heap after GC invocations=16 (full 3):
 PSYoungGen      total 299520K, used 3202K [0x00000000eab00000, 0x0000000100000000, 0x0000000100000000)
  eden space 249856K, 0% used [0x00000000eab00000,0x00000000eab00000,0x00000000f9f00000)
  from space 49664K, 6% used [0x00000000f9f00000,0x00000000fa2209f8,0x00000000fcf80000)
  to   space 49664K, 0% used [0x00000000fcf80000,0x00000000fcf80000,0x0000000100000000)
 ParOldGen       total 148480K, used 97379K [0x00000000c0000000, 0x00000000c9100000, 0x00000000eab00000)
  object space 148480K, 65% used [0x00000000c0000000,0x00000000c5f18f30,0x00000000c9100000)
 Metaspace       used 93424K, capacity 98224K, committed 98380K, reserved 1134592K
  class space    used 12446K, capacity 13708K, committed 13824K, reserved 1048576K
}
Event: 516.387 GC heap before
{Heap before GC invocations=17 (full 4):
 PSYoungGen      total 299520K, used 3202K [0x00000000eab00000, 0x0000000100000000, 0x0000000100000000)
  eden space 249856K, 0% used [0x00000000eab00000,0x00000000eab00000,0x00000000f9f00000)
  from space 49664K, 6% used [0x00000000f9f00000,0x00000000fa2209f8,0x00000000fcf80000)
  to   space 49664K, 0% used [0x00000000fcf80000,0x00000000fcf80000,0x0000000100000000)
 ParOldGen       total 148480K, used 97379K [0x00000000c0000000, 0x00000000c9100000, 0x00000000eab00000)
  object space 148480K, 65% used [0x00000000c0000000,0x00000000c5f18f30,0x00000000c9100000)
 Metaspace       used 93424K, capacity 98224K, committed 98380K, reserved 1134592K
  class space    used 12446K, capacity 13708K, committed 13824K, reserved 1048576K
Event: 516.618 GC heap after
Heap after GC invocations=17 (full 4):
 PSYoungGen      total 299520K, used 0K [0x00000000eab00000, 0x0000000100000000, 0x0000000100000000)
  eden space 249856K, 0% used [0x00000000eab00000,0x00000000eab00000,0x00000000f9f00000)
  from space 49664K, 0% used [0x00000000f9f00000,0x00000000f9f00000,0x00000000fcf80000)
  to   space 49664K, 0% used [0x00000000fcf80000,0x00000000fcf80000,0x0000000100000000)
 ParOldGen       total 221696K, used 77469K [0x00000000c0000000, 0x00000000cd880000, 0x00000000eab00000)
  object space 221696K, 34% used [0x00000000c0000000,0x00000000c4ba7520,0x00000000cd880000)
 Metaspace       used 93373K, capacity 98092K, committed 98380K, reserved 1134592K
  class space    used 12433K, capacity 13664K, committed 13824K, reserved 1048576K
}
Event: 528.168 GC heap before
{Heap before GC invocations=18 (full 4):
 PSYoungGen      total 299520K, used 249856K [0x00000000eab00000, 0x0000000100000000, 0x0000000100000000)
  eden space 249856K, 100% used [0x00000000eab00000,0x00000000f9f00000,0x00000000f9f00000)
  from space 49664K, 0% used [0x00000000f9f00000,0x00000000f9f00000,0x00000000fcf80000)
  to   space 49664K, 0% used [0x00000000fcf80000,0x00000000fcf80000,0x0000000100000000)
 ParOldGen       total 221696K, used 77469K [0x00000000c0000000, 0x00000000cd880000, 0x00000000eab00000)
  object space 221696K, 34% used [0x00000000c0000000,0x00000000c4ba7520,0x00000000cd880000)
 Metaspace       used 101474K, capacity 106762K, committed 106968K, reserved 1140736K
  class space    used 13489K, capacity 14820K, committed 14848K, reserved 1048576K
Event: 528.182 GC heap after
Heap after GC invocations=18 (full 4):
 PSYoungGen      total 294400K, used 17421K [0x00000000eab00000, 0x00000000ffb00000, 0x0000000100000000)
  eden space 249856K, 0% used [0x00000000eab00000,0x00000000eab00000,0x00000000f9f00000)
  from space 44544K, 39% used [0x00000000fcf80000,0x00000000fe083520,0x00000000ffb00000)
  to   space 47104K, 0% used [0x00000000f9f00000,0x00000000f9f00000,0x00000000fcd00000)
 ParOldGen       total 221696K, used 77477K [0x00000000c0000000, 0x00000000cd880000, 0x00000000eab00000)
  object space 221696K, 34% used [0x00000000c0000000,0x00000000c4ba9520,0x00000000cd880000)
 Metaspace       used 101474K, capacity 106762K, committed 106968K, reserved 1140736K
  class space    used 13489K, capacity 14820K, committed 14848K, reserved 1048576K
}
Event: 582.481 GC heap before
{Heap before GC invocations=19 (full 4):
 PSYoungGen      total 294400K, used 267277K [0x00000000eab00000, 0x00000000ffb00000, 0x0000000100000000)
  eden space 249856K, 100% used [0x00000000eab00000,0x00000000f9f00000,0x00000000f9f00000)
  from space 44544K, 39% used [0x00000000fcf80000,0x00000000fe083520,0x00000000ffb00000)
  to   space 47104K, 0% used [0x00000000f9f00000,0x00000000f9f00000,0x00000000fcd00000)
 ParOldGen       total 221696K, used 77477K [0x00000000c0000000, 0x00000000cd880000, 0x00000000eab00000)
  object space 221696K, 34% used [0x00000000c0000000,0x00000000c4ba9520,0x00000000cd880000)
 Metaspace       used 104670K, capacity 110332K, committed 110424K, reserved 1144832K
  class space    used 13768K, capacity 15177K, committed 15232K, reserved 1048576K
Event: 582.515 GC heap after
Heap after GC invocations=19 (full 4):
 PSYoungGen      total 296960K, used 11178K [0x00000000eab00000, 0x00000000fff80000, 0x0000000100000000)
  eden space 249856K, 0% used [0x00000000eab00000,0x00000000eab00000,0x00000000f9f00000)
  from space 47104K, 23% used [0x00000000f9f00000,0x00000000fa9eaae0,0x00000000fcd00000)
  to   space 45568K, 0% used [0x00000000fd300000,0x00000000fd300000,0x00000000fff80000)
 ParOldGen       total 221696K, used 86019K [0x00000000c0000000, 0x00000000cd880000, 0x00000000eab00000)
  object space 221696K, 38% used [0x00000000c0000000,0x00000000c5400cc0,0x00000000cd880000)
 Metaspace       used 104670K, capacity 110332K, committed 110424K, reserved 1144832K
  class space    used 13768K, capacity 15177K, committed 15232K, reserved 1048576K
}
Event: 592.891 GC heap before
{Heap before GC invocations=20 (full 4):
 PSYoungGen      total 296960K, used 260376K [0x00000000eab00000, 0x00000000fff80000, 0x0000000100000000)
  eden space 249856K, 99% used [0x00000000eab00000,0x00000000f9e5b688,0x00000000f9f00000)
  from space 47104K, 23% used [0x00000000f9f00000,0x00000000fa9eaae0,0x00000000fcd00000)
  to   space 45568K, 0% used [0x00000000fd300000,0x00000000fd300000,0x00000000fff80000)
 ParOldGen       total 221696K, used 86019K [0x00000000c0000000, 0x00000000cd880000, 0x00000000eab00000)
  object space 221696K, 38% used [0x00000000c0000000,0x00000000c5400cc0,0x00000000cd880000)
 Metaspace       used 111303K, capacity 117052K, committed 117336K, reserved 1150976K
  class space    used 14510K, capacity 15897K, committed 16000K, reserved 1048576K
Event: 592.922 GC heap after
Heap after GC invocations=20 (full 4):
 PSYoungGen      total 295936K, used 14939K [0x00000000eab00000, 0x00000000ff980000, 0x0000000100000000)
  eden space 256512K, 0% used [0x00000000eab00000,0x00000000eab00000,0x00000000fa580000)
  from space 39424K, 37% used [0x00000000fd300000,0x00000000fe196e98,0x00000000ff980000)
  to   space 43008K, 0% used [0x00000000fa580000,0x00000000fa580000,0x00000000fcf80000)
 ParOldGen       total 221696K, used 93798K [0x00000000c0000000, 0x00000000cd880000, 0x00000000eab00000)
  object space 221696K, 42% used [0x00000000c0000000,0x00000000c5b99820,0x00000000cd880000)
 Metaspace       used 111303K, capacity 117052K, committed 117336K, reserved 1150976K
  class space    used 14510K, capacity 15897K, committed 16000K, reserved 1048576K
}

